<?xml version="1.0" encoding="UTF-8"?>
<coverage generated="1705498756844" clover="3.2.0">
  <project timestamp="1705498756844" name="All files">
    <metrics statements="11" coveredstatements="11" conditionals="2" coveredconditionals="2" methods="4" coveredmethods="4" elements="17" coveredelements="17" complexity="0" loc="11" ncloc="11" packages="1" files="3" classes="3"/>
    <file name="exception.js" path="C:\Programming\Web Programming\Repositories\belajar-nodejs\Unit test\src\exception.js">
      <metrics statements="3" coveredstatements="3" conditionals="2" coveredconditionals="2" methods="1" coveredmethods="1"/>
      <line num="5" count="4" type="cond" truecount="2" falsecount="0"/>
      <line num="6" count="3" type="stmt"/>
      <line num="8" count="1" type="stmt"/>
    </file>
    <file name="number.js" path="C:\Programming\Web Programming\Repositories\belajar-nodejs\Unit test\src\number.js">
      <metrics statements="1" coveredstatements="1" conditionals="0" coveredconditionals="0" methods="1" coveredmethods="1"/>
      <line num="2" count="1" type="stmt"/>
    </file>
    <file name="sum.js" path="C:\Programming\Web Programming\Repositories\belajar-nodejs\Unit test\src\sum.js">
      <metrics statements="7" coveredstatements="7" conditionals="0" coveredconditionals="0" methods="2" coveredmethods="2"/>
      <line num="1" count="1" type="stmt"/>
      <line num="2" count="1" type="stmt"/>
      <line num="5" count="1" type="stmt"/>
      <line num="6" count="1" type="stmt"/>
      <line num="8" count="1" type="stmt"/>
      <line num="9" count="6" type="stmt"/>
      <line num="12" count="1" type="stmt"/>
    </file>
  </project>
</coverage>
