{"C:\\Programming\\Web Programming\\Repositories\\belajar-nodejs\\Unit test\\src\\exception.js": {"path":"C:\\Programming\\Web Programming\\Repositories\\belajar-nodejs\\Unit test\\src\\exception.js","statementMap":{"0":{"start":{"line":5,"column":4},"end":{"line":9,"column":5}},"1":{"start":{"line":6,"column":8},"end":{"line":6,"column":39}},"2":{"start":{"line":8,"column":8},"end":{"line":8,"column":20}}},"fnMap":{"0":{"name":"callMe","decl":{"start":{"line":4,"column":16},"end":{"line":4,"column":22}},"loc":{"start":{"line":4,"column":29},"end":{"line":10,"column":1}},"line":4}},"branchMap":{"0":{"loc":{"start":{"line":5,"column":4},"end":{"line":9,"column":5}},"type":"if","locations":[{"start":{"line":5,"column":4},"end":{"line":9,"column":5}},{"start":{"line":7,"column":11},"end":{"line":9,"column":5}}],"line":5}},"s":{"0":4,"1":3,"2":1},"f":{"0":4},"b":{"0":[3,1]},"_coverageSchema":"1a1c01bbd47fc00a2c39e90264f33305004495a9","hash":"26fdadc10084fe77c689615f3d434314ac9444ca"}
,"C:\\Programming\\Web Programming\\Repositories\\belajar-nodejs\\Unit test\\src\\number.js": {"path":"C:\\Programming\\Web Programming\\Repositories\\belajar-nodejs\\Unit test\\src\\number.js","statementMap":{"0":{"start":{"line":2,"column":4},"end":{"line":2,"column":17}}},"fnMap":{"0":{"name":"multiply","decl":{"start":{"line":1,"column":16},"end":{"line":1,"column":24}},"loc":{"start":{"line":1,"column":28},"end":{"line":3,"column":1}},"line":1}},"branchMap":{},"s":{"0":1},"f":{"0":1},"b":{},"_coverageSchema":"1a1c01bbd47fc00a2c39e90264f33305004495a9","hash":"32e72f6548c88ece784a88be437244f7af157092"}
,"C:\\Programming\\Web Programming\\Repositories\\belajar-nodejs\\Unit test\\src\\sum.js": {"path":"C:\\Programming\\Web Programming\\Repositories\\belajar-nodejs\\Unit test\\src\\sum.js","statementMap":{"0":{"start":{"line":1,"column":19},"end":{"line":3,"column":1}},"1":{"start":{"line":2,"column":4},"end":{"line":2,"column":26}},"2":{"start":{"line":5,"column":22},"end":{"line":13,"column":1}},"3":{"start":{"line":6,"column":16},"end":{"line":6,"column":17}},"4":{"start":{"line":8,"column":4},"end":{"line":10,"column":5}},"5":{"start":{"line":9,"column":8},"end":{"line":9,"column":24}},"6":{"start":{"line":12,"column":4},"end":{"line":12,"column":17}}},"fnMap":{"0":{"name":"(anonymous_0)","decl":{"start":{"line":1,"column":19},"end":{"line":1,"column":20}},"loc":{"start":{"line":1,"column":38},"end":{"line":3,"column":1}},"line":1},"1":{"name":"(anonymous_1)","decl":{"start":{"line":5,"column":22},"end":{"line":5,"column":23}},"loc":{"start":{"line":5,"column":35},"end":{"line":13,"column":1}},"line":5}},"branchMap":{},"s":{"0":1,"1":1,"2":1,"3":1,"4":1,"5":6,"6":1},"f":{"0":1,"1":1},"b":{},"_coverageSchema":"1a1c01bbd47fc00a2c39e90264f33305004495a9","hash":"6480eedef397e8b9a94d985b22af43e24825449c"}
}
